<?xml version="1.0" encoding="UTF-8"?>
<coverage generated="1665615726549" clover="3.2.0">
  <project timestamp="1665615726549" name="All files">
    <metrics statements="16" coveredstatements="16" conditionals="0" coveredconditionals="0" methods="8" coveredmethods="8" elements="24" coveredelements="24" complexity="0" loc="16" ncloc="16" packages="4" files="6" classes="6"/>
    <package name="components.JobResults">
      <metrics statements="2" coveredstatements="2" conditionals="0" coveredconditionals="0" methods="1" coveredmethods="1"/>
      <file name="JobListing.vue" path="H:\vue\job-search\src\components\JobResults\JobListing.vue">
        <metrics statements="2" coveredstatements="2" conditionals="0" coveredconditionals="0" methods="1" coveredmethods="1"/>
        <line num="55" count="2" type="stmt"/>
        <line num="65" count="5" type="stmt"/>
      </file>
    </package>
    <package name="components.Navigation">
      <metrics statements="4" coveredstatements="4" conditionals="0" coveredconditionals="0" methods="2" coveredmethods="2"/>
      <file name="ProfileImage.vue" path="H:\vue\job-search\src\components\Navigation\ProfileImage.vue">
        <metrics statements="2" coveredstatements="2" conditionals="0" coveredconditionals="0" methods="1" coveredmethods="1"/>
        <line num="10" count="2" type="stmt"/>
        <line num="13" count="1" type="stmt"/>
      </file>
      <file name="SubnavMenu.vue" path="H:\vue\job-search\src\components\Navigation\SubnavMenu.vue">
        <metrics statements="2" coveredstatements="2" conditionals="0" coveredconditionals="0" methods="1" coveredmethods="1"/>
        <line num="16" count="2" type="stmt"/>
        <line num="20" count="2" type="stmt"/>
      </file>
    </package>
    <package name="components.Shared">
      <metrics statements="5" coveredstatements="5" conditionals="0" coveredconditionals="0" methods="4" coveredmethods="4"/>
      <file name="ActionButton.vue" path="H:\vue\job-search\src\components\Shared\ActionButton.vue">
        <metrics statements="3" coveredstatements="3" conditionals="0" coveredconditionals="0" methods="3" coveredmethods="3"/>
        <line num="8" count="3" type="stmt"/>
        <line num="19" count="8" type="stmt"/>
        <line num="25" count="3" type="stmt"/>
      </file>
      <file name="TextInput.vue" path="H:\vue\job-search\src\components\Shared\TextInput.vue">
        <metrics statements="2" coveredstatements="2" conditionals="0" coveredconditionals="0" methods="1" coveredmethods="1"/>
        <line num="13" count="2" type="stmt"/>
        <line num="33" count="5" type="stmt"/>
      </file>
    </package>
    <package name="utils">
      <metrics statements="5" coveredstatements="5" conditionals="0" coveredconditionals="0" methods="1" coveredmethods="1"/>
      <file name="nextElementInList.js" path="H:\vue\job-search\src\utils\nextElementInList.js">
        <metrics statements="5" coveredstatements="5" conditionals="0" coveredconditionals="0" methods="1" coveredmethods="1"/>
        <line num="1" count="2" type="stmt"/>
        <line num="2" count="4" type="stmt"/>
        <line num="3" count="4" type="stmt"/>
        <line num="4" count="4" type="stmt"/>
        <line num="5" count="4" type="stmt"/>
      </file>
    </package>
  </project>
</coverage>
