TN:
SF:src\api\getJobs.js
FN:3,(anonymous_0)
FNF:1
FNH:1
FNDA:2,(anonymous_0)
DA:3,2
DA:4,2
DA:5,2
DA:6,2
LF:4
LH:4
BRF:0
BRH:0
end_of_record
TN:
SF:src\components\Navigation\ProfileImage.vue
FN:12,(anonymous_0)
FNF:1
FNH:1
FNDA:1,(anonymous_0)
DA:10,2
DA:13,1
LF:2
LH:2
BRF:0
BRH:0
end_of_record
TN:
SF:src\components\Shared\HeaderContainer.vue
FNF:0
FNH:0
DA:11,1
LF:1
LH:1
BRF:0
BRH:0
end_of_record
TN:
SF:src\components\Shared\TextInput.vue
FN:32,(anonymous_0)
FNF:1
FNH:1
FNDA:5,(anonymous_0)
DA:13,2
DA:33,5
LF:2
LH:2
BRF:0
BRH:0
end_of_record
TN:
SF:src\composables\useConfirmRoute.js
FN:4,(anonymous_0)
FN:6,(anonymous_1)
FNF:2
FNH:2
FNDA:1,(anonymous_0)
FNDA:1,(anonymous_1)
DA:4,3
DA:5,1
DA:6,1
LF:3
LH:3
BRF:0
BRH:0
end_of_record
TN:
SF:src\composables\useCurrentPage.js
FN:4,(anonymous_0)
FN:7,(anonymous_1)
FNF:2
FNH:2
FNDA:2,(anonymous_0)
FNDA:2,(anonymous_1)
DA:4,2
DA:5,2
DA:7,2
DA:9,2
LF:4
LH:4
BRDA:7,0,0,2
BRDA:7,0,1,1
BRF:2
BRH:2
end_of_record
TN:
SF:src\composables\usePreviousAndNextPages.js
FN:3,(anonymous_0)
FN:4,(anonymous_1)
FN:10,(anonymous_2)
FNF:3
FNH:3
FNDA:4,(anonymous_0)
FNDA:2,(anonymous_1)
FNDA:2,(anonymous_2)
DA:3,2
DA:4,4
DA:5,2
DA:6,2
DA:7,2
DA:10,4
DA:11,2
DA:12,2
DA:15,4
LF:9
LH:9
BRDA:7,0,0,1
BRDA:7,0,1,1
BRDA:12,1,0,1
BRDA:12,1,1,1
BRF:4
BRH:4
end_of_record
TN:
SF:src\store\actions.js
FN:6,(anonymous_0)
FNF:1
FNH:1
FNDA:2,(anonymous_0)
DA:5,1
DA:7,2
DA:8,2
LF:3
LH:3
BRF:0
BRH:0
end_of_record
TN:
SF:src\store\composables.js
FN:12,(anonymous_0)
FN:14,(anonymous_1)
FN:17,(anonymous_2)
FN:19,(anonymous_3)
FN:22,(anonymous_4)
FN:24,(anonymous_5)
FN:28,(anonymous_6)
FNF:7
FNH:7
FNDA:1,(anonymous_0)
FNDA:1,(anonymous_1)
FNDA:1,(anonymous_2)
FNDA:1,(anonymous_3)
FNDA:1,(anonymous_4)
FNDA:1,(anonymous_5)
FNDA:1,(anonymous_6)
DA:12,4
DA:13,1
DA:14,1
DA:17,4
DA:18,1
DA:19,1
DA:22,4
DA:23,1
DA:24,1
DA:28,4
DA:29,1
DA:30,1
LF:12
LH:12
BRF:0
BRH:0
end_of_record
TN:
SF:src\store\constants.js
FNF:0
FNH:0
DA:2,7
DA:5,7
DA:6,7
DA:7,7
DA:10,7
DA:11,7
DA:12,7
DA:15,7
DA:16,7
DA:17,7
LF:10
LH:10
BRF:0
BRH:0
end_of_record
TN:
SF:src\store\getters.js
FN:10,(anonymous_0)
FN:12,(anonymous_1)
FN:15,(anonymous_2)
FN:17,(anonymous_3)
FN:20,(anonymous_4)
FN:20,(anonymous_5)
FN:24,(anonymous_6)
FN:24,(anonymous_7)
FN:28,(anonymous_8)
FN:30,(anonymous_9)
FN:31,(anonymous_10)
FNF:11
FNH:11
FNDA:1,(anonymous_0)
FNDA:3,(anonymous_1)
FNDA:1,(anonymous_2)
FNDA:3,(anonymous_3)
FNDA:2,(anonymous_4)
FNDA:2,(anonymous_5)
FNDA:2,(anonymous_6)
FNDA:2,(anonymous_7)
FNDA:1,(anonymous_8)
FNDA:1,(anonymous_9)
FNDA:1,(anonymous_10)
DA:9,1
DA:11,1
DA:12,3
DA:13,1
DA:16,1
DA:17,3
DA:18,1
DA:20,2
DA:21,2
DA:22,1
DA:24,2
DA:25,2
DA:26,1
DA:29,1
DA:30,1
DA:31,1
LF:16
LH:16
BRDA:21,0,0,1
BRDA:21,0,1,1
BRDA:25,1,0,1
BRDA:25,1,1,1
BRF:4
BRH:4
end_of_record
TN:
SF:src\store\mutations.js
FN:9,(anonymous_0)
FN:12,(anonymous_1)
FN:15,(anonymous_2)
FN:18,(anonymous_3)
FNF:4
FNH:4
FNDA:1,(anonymous_0)
FNDA:1,(anonymous_1)
FNDA:1,(anonymous_2)
FNDA:1,(anonymous_3)
DA:8,1
DA:10,1
DA:13,1
DA:16,1
DA:19,1
LF:5
LH:5
BRF:0
BRH:0
end_of_record
TN:
SF:src\store\state.js
FN:1,(anonymous_0)
FNF:1
FNH:1
FNDA:4,(anonymous_0)
DA:1,1
DA:2,4
LF:2
LH:2
BRF:0
BRH:0
end_of_record
TN:
SF:src\utils\nextElementInList.js
FN:1,(anonymous_0)
FNF:1
FNH:1
FNDA:4,(anonymous_0)
DA:1,2
DA:2,4
DA:3,4
DA:4,4
DA:5,4
LF:5
LH:5
BRF:0
BRH:0
end_of_record
